<?xml version="1.0" encoding="UTF-8"?>
<!-- Generated by org.testng.reporters.JUnitXMLReporter -->
<testsuite hostname="DESKTOP-N02OMTI" ignored="0" name="testcase2" tests="5" failures="1" timestamp="26 Apr 2020 03:26:32 GMT" time="4.348" errors="0">
  <testcase name="f" time="0.872" classname="tests.SearchLink"/>
  <testcase name="f" time="0.682" classname="tests.SearchLink"/>
  <testcase name="f" time="0.616" classname="tests.SearchLink"/>
  <testcase name="f" time="0.556" classname="tests.SearchLink">
    <failure type="java.lang.AssertionError" message="expected [1] but found [2]">
      <![CDATA[java.lang.AssertionError: expected [1] but found [2]
at tests.SearchLink.f(SearchLink.java:25)
... Removed 31 stack frames]]>
    </failure>
  </testcase> <!-- f -->
  <testcase name="f" time="0.695" classname="tests.SearchLink"/>
</testsuite> <!-- testcase2 -->
